
          -------------------------------------------------------
          Amber 10 SANDER                              2008
          -------------------------------------------------------

| PMEMD implementation of SANDER, Release 10

| Run on 06/14/2010 at 22:41:03

  [-O]verwriting output

File Assignments:
|   MDIN: ../input/mini5.in                                                     
|  MDOUT: mini5.out                                                             
| INPCRD: heat.rst                                                              
|   PARM: solvtd.topo.belly                                                     
| RESTRT: mini5.rst                                                             
|   REFC: heat.rst                                                              
|  MDVEL: mdvel                                                                 
|   MDEN: mini5.ene                                                             
|  MDCRD: mini5.traj                                                            
| MDINFO: mdinfo                                                                
|LOGFILE: logfile                                                               


 Here is the input file:

*******************************************************                        
*****************************       mini5.in                                   
*******************************************************                        
Minimizing. 5.0 kcal/mol restraints on DNA/RNA.                                
 &cntrl                                                                        
    imin=1, ntx=1, irest=0,                                                    
    ntf=1, ntb=1, nsnb=10, cut=9.0,                                            
    ntpr=50, maxcyc=2000, ncyc=1000,                                           
    ntr=1, ioutfm=1,                                                           
    nmropt=1,                                                                  
 /                                                                             
 &wt type = 'END', /                                                           
Hold RNA Steady                                                                
5.0                                                                            
RES 1 45                                                                       
END                                                                            
END                                                                            


| INFO:    The nsnb ctrl option does not affect nonbonded list update frequency.
|          It does affect steepest descent minimization freq if ntmin == 0
 
 
| Conditional Compilation Defines Used:
| DIRFRC_EFS
| DIRFRC_NOVEC
| MPI
| SLOW_NONBLOCKING_MPI
| FFTW_FFT
| FFTLOADBAL_2PROC
| BINTRAJ

| Largest sphere to fit in unit cell has radius =    27.670

| New format PARM file being parsed.
| Version =    1.000 Date = 06/14/10 Time = 11:27:38
| Duplicated    0 dihedrals

| Duplicated    0 dihedrals

--------------------------------------------------------------------------------
   1.  RESOURCE   USE: 
--------------------------------------------------------------------------------

 getting new box info from bottom of inpcrd

 NATOM  =   20563 NTYPES =      20 NBONH =   19805 MBONA  =     795
 NTHETH =    1041 MTHETA =    1201 NPHIH =    2116 MPHIA  =    2348
 NHPARM =       0 NPARM  =       0 NNB   =   32409 NRES   =    6525
 NBONA  =     795 NTHETA =    1201 NPHIA =    2348 NUMBND =      51
 NUMANG =     112 NPTRA  =      62 NATYP =      33 NPHB   =       1
 IFBOX  =       2 NMXRS  =      34 IFCAP =       0 NEXTRA =       0
 NCOPY  =       0

| Coordinate Index Table dimensions:    10   10   10
| Direct force subcell size =     6.7778    6.7778    6.7778

     BOX TYPE: TRUNCATED OCTAHEDRON

--------------------------------------------------------------------------------
   2.  CONTROL  DATA  FOR  THE  RUN
--------------------------------------------------------------------------------

                                                                                

General flags:
     imin    =       1, nmropt  =       1

Nature and format of input:
     ntx     =       1, irest   =       0, ntrx    =       1

Nature and format of output:
     ntxo    =       1, ntpr    =      50, ntrx    =       1, ntwr    =    2400
     iwrap   =       0, ntwx    =       0, ntwv    =       0, ntwe    =       0
     ioutfm  =       1, ntwprt  =       0, idecomp =       0, rbornstat=      0

Potential function:
     ntf     =       1, ntb     =       1, igb     =       0, nsnb    =      10
     ipol    =       0, gbsa    =       0, iesp    =       0
     dielc   =   1.00000, cut     =   9.00000, intdiel =   1.00000
     scnb    =   2.00000, scee    =   1.20000

Frozen or restrained atoms:
     ibelly  =       0, ntr     =       1

Energy minimization:
     maxcyc  =    2000, ncyc    =    1000, ntmin   =       1
     dx0     =   0.01000, drms    =   0.00010

NMR refinement options:
     iscale  =       0, noeskp  =       1, ipnlty  =       1, mxsub   =       1
     scalm   = 100.00000, pencut  =   0.10000, tausw   =   0.10000

| Intermolecular bonds treatment:
|     no_intermolecular_bonds =       1

| Energy averages sample interval:
|     ene_avg_sampling =       1

Ewald parameters:
     verbose =       0, ew_type =       0, nbflag  =       1, use_pme =       1
     vdwmeth =       1, eedmeth =       1, netfrc  =       0
     Box X =   67.778   Box Y =   67.778   Box Z =   67.778
     Alpha =  109.471   Beta  =  109.471   Gamma =  109.471
     NFFT1 =   70       NFFT2 =   70       NFFT3 =   70
     Cutoff=    9.000   Tol   =0.100E-04
     Ewald Coefficient =  0.30768
     Interpolation order =    4

| PMEMD ewald parallel performance parameters:
|     block_fft =    0
|     fft_blk_y_divisor =    4
|     excl_recip =    0
|     excl_master =    0
|     atm_redist_freq =  320

    LOADING THE CONSTRAINED ATOMS AS GROUPS


   5.  REFERENCE ATOM COORDINATES

                                                                                  
    ----- READING GROUP     1; TITLE:
 Hold RNA Steady                                                             

     GROUP    1 HAS HARMONIC CONSTRAINTS     5.00000
 GRP    1 RES    1 TO    45
      Number of atoms in this group  =  1185
    ----- END OF GROUP READ -----

--------------------------------------------------------------------------------
   3.  ATOMIC COORDINATES AND VELOCITIES
--------------------------------------------------------------------------------

                                                                                
 begin time read from input coords =   200.000 ps



           Begin reading energy term weight changes/NMR restraints
 WEIGHT CHANGES:
                         ** No weight changes given **

 RESTRAINTS:
  No valid redirection requests found
                          ** No restraint defined **

                  Done reading weight changes/NMR restraints


 Number of triangulated 3-point waters found:     6449

     Sum of charges from parm topology file =   0.00000001
     Forcing neutrality...

| Dynamic Memory, Types Used:
| Reals              791829
| Integers           745046

| Nonbonded Pairs Initial Allocation:  129150

| Running AMBER/MPI version on   48 nodes

 
--------------------------------------------------------------------------------
   4.  RESULTS
--------------------------------------------------------------------------------

 ---------------------------------------------------
 APPROXIMATING switch and d/dx switch using CUBIC SPLINE INTERPOLATION
 using   5000.0 points per unit in tabled values
 TESTING RELATIVE ERROR over r ranging from 0.0 to cutoff
| CHECK switch(x): max rel err =   0.2738E-14   at   2.422500
| CHECK d/dx switch(x): max rel err =   0.8350E-11   at   2.736960
 ---------------------------------------------------
|---------------------------------------------------
| APPROXIMATING direct energy using CUBIC SPLINE INTERPOLATION
|  with   50.0 points per unit in tabled values
| Relative Error Limit not exceeded for r .gt.   2.39
| APPROXIMATING direct force using CUBIC SPLINE INTERPOLATION
|  with   50.0 points per unit in tabled values
| Relative Error Limit not exceeded for r .gt.   2.84
|---------------------------------------------------


   NSTEP       ENERGY          RMS            GMAX         NAME    NUMBER
      1      -7.1319E+04     1.4185E+01     1.0333E+02     P         257

 BOND    =      265.3080  ANGLE   =      562.0327  DIHED      =     1002.8177
 VDWAALS =     8519.6670  EEL     =   -77732.1009  HBOND      =        0.0000
 1-4 VDW =      297.7226  1-4 EEL =    -4233.9701  RESTRAINT  =        0.0000
 NMR restraints: Bond =    0.000   Angle =     0.000   Torsion =     0.000
===============================================================================


   NSTEP       ENERGY          RMS            GMAX         NAME    NUMBER
     50      -8.2691E+04     1.3615E+00     8.3039E+00     H2      11461

 BOND    =     4726.0413  ANGLE   =      257.0613  DIHED      =      934.2643
 VDWAALS =     7392.4330  EEL     =   -92049.6001  HBOND      =        0.0000
 1-4 VDW =      279.3750  1-4 EEL =    -4259.0096  RESTRAINT  =       28.3937
 EAMBER  =   -82719.4348
 NMR restraints: Bond =    0.000   Angle =     0.000   Torsion =     0.000
===============================================================================


   NSTEP       ENERGY          RMS            GMAX         NAME    NUMBER
    100      -8.5181E+04     8.5826E-01     1.0220E+01     P         257

 BOND    =     4850.6431  ANGLE   =      244.2589  DIHED      =      929.3511
 VDWAALS =     7785.4352  EEL     =   -95059.5834  HBOND      =        0.0000
 1-4 VDW =      278.9948  1-4 EEL =    -4257.6109  RESTRAINT  =       47.7683
 EAMBER  =   -85228.5111
 NMR restraints: Bond =    0.000   Angle =     0.000   Torsion =     0.000
===============================================================================


   NSTEP       ENERGY          RMS            GMAX         NAME    NUMBER
    150      -8.6406E+04     6.9140E-01     2.2583E+01     P         257

 BOND    =     5064.2700  ANGLE   =      239.7559  DIHED      =      926.9932
 VDWAALS =     8298.9278  EEL     =   -97017.6866  HBOND      =        0.0000
 1-4 VDW =      278.5206  1-4 EEL =    -4256.1330  RESTRAINT  =       59.2093
 EAMBER  =   -86465.3520
 NMR restraints: Bond =    0.000   Angle =     0.000   Torsion =     0.000
===============================================================================


   NSTEP       ENERGY          RMS            GMAX         NAME    NUMBER
    200      -8.7206E+04     1.3608E+00     9.9620E+01     P         257

 BOND    =     5196.4113  ANGLE   =      239.1077  DIHED      =      925.6197
 VDWAALS =     8793.3546  EEL     =   -98450.3096  HBOND      =        0.0000
 1-4 VDW =      278.0813  1-4 EEL =    -4254.9026  RESTRAINT  =       66.2346
 EAMBER  =   -87272.6376
 NMR restraints: Bond =    0.000   Angle =     0.000   Torsion =     0.000
===============================================================================


   NSTEP       ENERGY          RMS            GMAX         NAME    NUMBER
    250      -8.7751E+04     1.9360E+00     1.4635E+02     P         257

 BOND    =     5310.8938  ANGLE   =      240.3117  DIHED      =      924.9030
 VDWAALS =     9204.3408  EEL     =   -99525.7927  HBOND      =        0.0000
 1-4 VDW =      277.8352  1-4 EEL =    -4253.8423  RESTRAINT  =       70.2245
 EAMBER  =   -87821.3505
 NMR restraints: Bond =    0.000   Angle =     0.000   Torsion =     0.000
===============================================================================


   NSTEP       ENERGY          RMS            GMAX         NAME    NUMBER
    300      -8.8235E+04     1.1512E+00     6.4783E+01     P         257

 BOND    =     5369.3092  ANGLE   =      238.0436  DIHED      =      924.8647
 VDWAALS =     9576.8900  EEL     =  -100442.0106  HBOND      =        0.0000
 1-4 VDW =      278.8057  1-4 EEL =    -4253.5984  RESTRAINT  =       72.3925
 EAMBER  =   -88307.6958
 NMR restraints: Bond =    0.000   Angle =     0.000   Torsion =     0.000
===============================================================================


   NSTEP       ENERGY          RMS            GMAX         NAME    NUMBER
    350      -8.8610E+04     4.1008E-01     9.5625E+00     P         509

 BOND    =     5430.7006  ANGLE   =      234.8563  DIHED      =      924.4984
 VDWAALS =     9889.8405  EEL     =  -101189.7373  HBOND      =        0.0000
 1-4 VDW =      278.5202  1-4 EEL =    -4252.6673  RESTRAINT  =       74.0477
 EAMBER  =   -88683.9885
 NMR restraints: Bond =    0.000   Angle =     0.000   Torsion =     0.000
===============================================================================


   NSTEP       ENERGY          RMS            GMAX         NAME    NUMBER
    400      -8.8917E+04     1.0761E+00     5.4800E+01     C4        371

 BOND    =     5501.8675  ANGLE   =      235.5452  DIHED      =      924.2474
 VDWAALS =    10176.6583  EEL     =  -101857.7220  HBOND      =        0.0000
 1-4 VDW =      278.4427  1-4 EEL =    -4251.5151  RESTRAINT  =       75.2835
 EAMBER  =   -88992.4760
 NMR restraints: Bond =    0.000   Angle =     0.000   Torsion =     0.000
===============================================================================


   NSTEP       ENERGY          RMS            GMAX         NAME    NUMBER
    450      -8.9195E+04     3.5289E-01     8.4633E+00     P         509

 BOND    =     5544.8024  ANGLE   =      234.2108  DIHED      =      924.2569
 VDWAALS =    10426.3128  EEL     =  -102428.0079  HBOND      =        0.0000
 1-4 VDW =      278.8942  1-4 EEL =    -4251.8773  RESTRAINT  =       75.9774
 EAMBER  =   -89271.4081
 NMR restraints: Bond =    0.000   Angle =     0.000   Torsion =     0.000
===============================================================================


   NSTEP       ENERGY          RMS            GMAX         NAME    NUMBER
    500      -8.9431E+04     9.2042E-01     4.7748E+01     P         509

 BOND    =     5598.6862  ANGLE   =      235.5304  DIHED      =      924.2211
 VDWAALS =    10658.7125  EEL     =  -102952.4426  HBOND      =        0.0000
 1-4 VDW =      279.2015  1-4 EEL =    -4251.6528  RESTRAINT  =       76.6041
 EAMBER  =   -89507.7437
 NMR restraints: Bond =    0.000   Angle =     0.000   Torsion =     0.000
===============================================================================


   NSTEP       ENERGY          RMS            GMAX         NAME    NUMBER
    550      -8.9646E+04     3.0619E-01     6.3639E+00     P         509

 BOND    =     5636.2622  ANGLE   =      233.4616  DIHED      =      923.9683
 VDWAALS =    10859.9855  EEL     =  -103404.8013  HBOND      =        0.0000
 1-4 VDW =      279.1610  1-4 EEL =    -4251.1720  RESTRAINT  =       77.1597
 EAMBER  =   -89723.1346
 NMR restraints: Bond =    0.000   Angle =     0.000   Torsion =     0.000
===============================================================================


   NSTEP       ENERGY          RMS            GMAX         NAME    NUMBER
    600      -8.9834E+04     7.3271E-01     4.0431E+01     C        1183

 BOND    =     5680.2741  ANGLE   =      233.6385  DIHED      =      923.7772
 VDWAALS =    11048.5927  EEL     =  -103826.1370  HBOND      =        0.0000
 1-4 VDW =      279.2167  1-4 EEL =    -4250.5748  RESTRAINT  =       77.6548
 EAMBER  =   -89911.2125
 NMR restraints: Bond =    0.000   Angle =     0.000   Torsion =     0.000
===============================================================================


   NSTEP       ENERGY          RMS            GMAX         NAME    NUMBER
    650      -9.0006E+04     3.2391E-01     1.2071E+01     P         509

 BOND    =     5710.4283  ANGLE   =      233.2685  DIHED      =      923.7772
 VDWAALS =    11214.4991  EEL     =  -104194.1335  HBOND      =        0.0000
 1-4 VDW =      279.5270  1-4 EEL =    -4251.0315  RESTRAINT  =       77.9524
 EAMBER  =   -90083.6647
 NMR restraints: Bond =    0.000   Angle =     0.000   Torsion =     0.000
===============================================================================


   NSTEP       ENERGY          RMS            GMAX         NAME    NUMBER
    700      -9.0161E+04     6.5982E-01     4.8682E+01     C        1183

 BOND    =     5745.9331  ANGLE   =      233.7535  DIHED      =      923.7163
 VDWAALS =    11372.0695  EEL     =  -104542.7675  HBOND      =        0.0000
 1-4 VDW =      279.7404  1-4 EEL =    -4251.2743  RESTRAINT  =       78.2791
 EAMBER  =   -90238.8289
 NMR restraints: Bond =    0.000   Angle =     0.000   Torsion =     0.000
===============================================================================


   NSTEP       ENERGY          RMS            GMAX         NAME    NUMBER
    750      -9.0300E+04     9.4718E-01     7.9977E+01     C        1183

 BOND    =     5779.9229  ANGLE   =      234.3253  DIHED      =      923.6533
 VDWAALS =    11516.4150  EEL     =  -104861.6091  HBOND      =        0.0000
 1-4 VDW =      279.9210  1-4 EEL =    -4251.4526  RESTRAINT  =       78.5785
 EAMBER  =   -90378.8242
 NMR restraints: Bond =    0.000   Angle =     0.000   Torsion =     0.000
===============================================================================


   NSTEP       ENERGY          RMS            GMAX         NAME    NUMBER
    800      -9.0443E+04     2.4606E-01     6.0975E+00     P         509

 BOND    =     5802.7243  ANGLE   =      232.7469  DIHED      =      923.4463
 VDWAALS =    11650.9390  EEL     =  -105160.5989  HBOND      =        0.0000
 1-4 VDW =      279.8282  1-4 EEL =    -4250.6372  RESTRAINT  =       78.8802
 EAMBER  =   -90521.5515
 NMR restraints: Bond =    0.000   Angle =     0.000   Torsion =     0.000
===============================================================================


   NSTEP       ENERGY          RMS            GMAX         NAME    NUMBER
    850      -9.0566E+04     7.7316E-01     4.9264E+01     P         509

 BOND    =     5835.3509  ANGLE   =      233.3003  DIHED      =      923.2755
 VDWAALS =    11778.5344  EEL     =  -105445.1998  HBOND      =        0.0000
 1-4 VDW =      279.8957  1-4 EEL =    -4250.3495  RESTRAINT  =       79.1899
 EAMBER  =   -90645.1924
 NMR restraints: Bond =    0.000   Angle =     0.000   Torsion =     0.000
===============================================================================


   NSTEP       ENERGY          RMS            GMAX         NAME    NUMBER
    900      -9.0691E+04     3.2026E-01     1.4695E+01     C        1183

 BOND    =     5855.6423  ANGLE   =      232.7266  DIHED      =      923.3112
 VDWAALS =    11896.4547  EEL     =  -105707.9627  HBOND      =        0.0000
 1-4 VDW =      280.0379  1-4 EEL =    -4250.7498  RESTRAINT  =       79.3352
 EAMBER  =   -90770.5397
 NMR restraints: Bond =    0.000   Angle =     0.000   Torsion =     0.000
===============================================================================


   NSTEP       ENERGY          RMS            GMAX         NAME    NUMBER
    950      -9.0796E+04     6.8685E-01     6.2459E+01     C        1183

 BOND    =     5881.3575  ANGLE   =      233.2906  DIHED      =      923.2671
 VDWAALS =    12003.0116  EEL     =  -105945.4950  HBOND      =        0.0000
 1-4 VDW =      280.1348  1-4 EEL =    -4251.0855  RESTRAINT  =       79.5237
 EAMBER  =   -90875.5188
 NMR restraints: Bond =    0.000   Angle =     0.000   Torsion =     0.000
===============================================================================


   NSTEP       ENERGY          RMS            GMAX         NAME    NUMBER
   1000      -9.0899E+04     2.2880E-01     7.2119E+00     P         509

 BOND    =     5899.5564  ANGLE   =      232.5046  DIHED      =      923.1257
 VDWAALS =    12100.8960  EEL     =  -106163.8779  HBOND      =        0.0000
 1-4 VDW =      280.1693  1-4 EEL =    -4250.6098  RESTRAINT  =       79.7163
 EAMBER  =   -90978.2358
 NMR restraints: Bond =    0.000   Angle =     0.000   Torsion =     0.000
===============================================================================


   NSTEP       ENERGY          RMS            GMAX         NAME    NUMBER
   1050      -9.1464E+04     1.1390E+00     1.1900E+02     O       15581

 BOND    =     6058.9301  ANGLE   =      232.3750  DIHED      =      922.8293
 VDWAALS =    12855.1668  EEL     =  -107644.1611  HBOND      =        0.0000
 1-4 VDW =      280.9691  1-4 EEL =    -4251.2070  RESTRAINT  =       80.7082
 EAMBER  =   -91545.0979
 NMR restraints: Bond =    0.000   Angle =     0.000   Torsion =     0.000
===============================================================================


   NSTEP       ENERGY          RMS            GMAX         NAME    NUMBER
   1100      -9.1532E+04     4.2012E-01     3.9047E+01     C        1183

 BOND    =     6048.7399  ANGLE   =      232.0097  DIHED      =      922.8800
 VDWAALS =    12888.0927  EEL     =  -107734.0419  HBOND      =        0.0000
 1-4 VDW =      280.9121  1-4 EEL =    -4250.7447  RESTRAINT  =       80.6521
 EAMBER  =   -91612.1522
 NMR restraints: Bond =    0.000   Angle =     0.000   Torsion =     0.000
===============================================================================


   NSTEP       ENERGY          RMS            GMAX         NAME    NUMBER
   1150      -9.1591E+04     1.0136E+00     8.1176E+01     C        1183

 BOND    =     6096.6194  ANGLE   =      231.9264  DIHED      =      922.7932
 VDWAALS =    12941.1463  EEL     =  -107893.8634  HBOND      =        0.0000
 1-4 VDW =      281.1601  1-4 EEL =    -4251.2500  RESTRAINT  =       80.7089
 EAMBER  =   -91671.4679
 NMR restraints: Bond =    0.000   Angle =     0.000   Torsion =     0.000
===============================================================================


   NSTEP       ENERGY          RMS            GMAX         NAME    NUMBER
   1200      -9.1657E+04     2.8316E-01     2.9822E+01     C        1183

 BOND    =     6074.7613  ANGLE   =      231.5998  DIHED      =      922.8002
 VDWAALS =    12986.0206  EEL     =  -107983.1332  HBOND      =        0.0000
 1-4 VDW =      281.0802  1-4 EEL =    -4250.7944  RESTRAINT  =       80.6889
 EAMBER  =   -91737.6656
 NMR restraints: Bond =    0.000   Angle =     0.000   Torsion =     0.000
===============================================================================


   NSTEP       ENERGY          RMS            GMAX         NAME    NUMBER
   1250      -9.1734E+04     5.7161E-01     6.1546E+01     C        1183

 BOND    =     6104.1609  ANGLE   =      231.3227  DIHED      =      922.6926
 VDWAALS =    13056.8093  EEL     =  -108160.1815  HBOND      =        0.0000
 1-4 VDW =      281.2406  1-4 EEL =    -4251.2293  RESTRAINT  =       80.7129
 EAMBER  =   -91815.1849
 NMR restraints: Bond =    0.000   Angle =     0.000   Torsion =     0.000
===============================================================================


   NSTEP       ENERGY          RMS            GMAX         NAME    NUMBER
   1300      -9.1777E+04     3.5838E-01     4.4461E+01     C        1183

 BOND    =     6097.2834  ANGLE   =      231.3670  DIHED      =      922.6307
 VDWAALS =    13095.3994  EEL     =  -108235.2455  HBOND      =        0.0000
 1-4 VDW =      281.2021  1-4 EEL =    -4250.7217  RESTRAINT  =       80.7088
 EAMBER  =   -91858.0846
 NMR restraints: Bond =    0.000   Angle =     0.000   Torsion =     0.000
===============================================================================


   NSTEP       ENERGY          RMS            GMAX         NAME    NUMBER
   1350      -9.1814E+04     4.3281E-01     3.6409E+01     C        1183

 BOND    =     6117.7844  ANGLE   =      231.2708  DIHED      =      922.5619
 VDWAALS =    13130.3658  EEL     =  -108327.2854  HBOND      =        0.0000
 1-4 VDW =      281.2956  1-4 EEL =    -4251.0900  RESTRAINT  =       80.7138
 EAMBER  =   -91895.0969
 NMR restraints: Bond =    0.000   Angle =     0.000   Torsion =     0.000
===============================================================================


   NSTEP       ENERGY          RMS            GMAX         NAME    NUMBER
   1400      -9.1851E+04     4.3896E-01     5.6691E+01     C        1183

 BOND    =     6112.3192  ANGLE   =      231.2799  DIHED      =      922.5211
 VDWAALS =    13165.8466  EEL     =  -108394.1443  HBOND      =        0.0000
 1-4 VDW =      281.2736  1-4 EEL =    -4250.6248  RESTRAINT  =       80.7189
 EAMBER  =   -91931.5286
 NMR restraints: Bond =    0.000   Angle =     0.000   Torsion =     0.000
===============================================================================


   NSTEP       ENERGY          RMS            GMAX         NAME    NUMBER
   1450      -9.1886E+04     3.6096E-01     2.5676E+01     C        1183

 BOND    =     6130.5834  ANGLE   =      231.3549  DIHED      =      922.4713
 VDWAALS =    13198.4173  EEL     =  -108479.6658  HBOND      =        0.0000
 1-4 VDW =      281.3626  1-4 EEL =    -4251.0287  RESTRAINT  =       80.7291
 EAMBER  =   -91966.5051
 NMR restraints: Bond =    0.000   Angle =     0.000   Torsion =     0.000
===============================================================================


   NSTEP       ENERGY          RMS            GMAX         NAME    NUMBER
   1500      -9.1920E+04     3.2412E-01     2.0430E+01     C        1183

 BOND    =     6127.6743  ANGLE   =      230.9227  DIHED      =      922.4602
 VDWAALS =    13231.0013  EEL     =  -108542.8640  HBOND      =        0.0000
 1-4 VDW =      281.3713  1-4 EEL =    -4250.9232  RESTRAINT  =       80.7401
 EAMBER  =   -92000.3574
 NMR restraints: Bond =    0.000   Angle =     0.000   Torsion =     0.000
===============================================================================


   NSTEP       ENERGY          RMS            GMAX         NAME    NUMBER
   1550      -9.1963E+04     5.3042E-01     3.3629E+01     O        6068

 BOND    =     6147.2328  ANGLE   =      231.2339  DIHED      =      922.4242
 VDWAALS =    13276.7516  EEL     =  -108651.9841  HBOND      =        0.0000
 1-4 VDW =      281.4732  1-4 EEL =    -4251.1886  RESTRAINT  =       80.7588
 EAMBER  =   -92044.0570
 NMR restraints: Bond =    0.000   Angle =     0.000   Torsion =     0.000
===============================================================================


   NSTEP       ENERGY          RMS            GMAX         NAME    NUMBER
   1600      -9.1996E+04     2.9154E-01     2.7300E+01     C        1183

 BOND    =     6142.9860  ANGLE   =      231.0936  DIHED      =      922.4499
 VDWAALS =    13307.6955  EEL     =  -108711.9617  HBOND      =        0.0000
 1-4 VDW =      281.4107  1-4 EEL =    -4250.6441  RESTRAINT  =       80.7677
 EAMBER  =   -92076.9701
 NMR restraints: Bond =    0.000   Angle =     0.000   Torsion =     0.000
===============================================================================


   NSTEP       ENERGY          RMS            GMAX         NAME    NUMBER
   1650      -9.2027E+04     3.7660E-01     1.8888E+01     O        6068

 BOND    =     6157.9944  ANGLE   =      231.3762  DIHED      =      922.4312
 VDWAALS =    13338.7617  EEL     =  -108788.3109  HBOND      =        0.0000
 1-4 VDW =      281.5327  1-4 EEL =    -4251.1277  RESTRAINT  =       80.7710
 EAMBER  =   -92107.3424
 NMR restraints: Bond =    0.000   Angle =     0.000   Torsion =     0.000
===============================================================================


   NSTEP       ENERGY          RMS            GMAX         NAME    NUMBER
   1700      -9.2058E+04     3.5440E-01     3.8095E+01     C        1183

 BOND    =     6157.2562  ANGLE   =      230.9749  DIHED      =      922.4747
 VDWAALS =    13370.0348  EEL     =  -108850.1430  HBOND      =        0.0000
 1-4 VDW =      281.4790  1-4 EEL =    -4250.6262  RESTRAINT  =       80.7760
 EAMBER  =   -92138.5496
 NMR restraints: Bond =    0.000   Angle =     0.000   Torsion =     0.000
===============================================================================


   NSTEP       ENERGY          RMS            GMAX         NAME    NUMBER
   1750      -9.2092E+04     4.1994E-01     2.4936E+01     OXT      1185

 BOND    =     6171.6199  ANGLE   =      231.6245  DIHED      =      922.4431
 VDWAALS =    13405.1842  EEL     =  -108933.4358  HBOND      =        0.0000
 1-4 VDW =      281.6479  1-4 EEL =    -4251.4275  RESTRAINT  =       80.7710
 EAMBER  =   -92172.3437
 NMR restraints: Bond =    0.000   Angle =     0.000   Torsion =     0.000
===============================================================================


   NSTEP       ENERGY          RMS            GMAX         NAME    NUMBER
   1800      -9.2128E+04     2.1098E-01     1.8730E+01     C        1183

 BOND    =     6171.9101  ANGLE   =      230.9239  DIHED      =      922.5199
 VDWAALS =    13439.1152  EEL     =  -109003.7157  HBOND      =        0.0000
 1-4 VDW =      281.5546  1-4 EEL =    -4250.6781  RESTRAINT  =       80.7693
 EAMBER  =   -92208.3702
 NMR restraints: Bond =    0.000   Angle =     0.000   Torsion =     0.000
===============================================================================


   NSTEP       ENERGY          RMS            GMAX         NAME    NUMBER
   1850      -9.2172E+04     4.4859E-01     2.7697E+01     CB       1165

 BOND    =     6183.9971  ANGLE   =      232.1937  DIHED      =      922.4769
 VDWAALS =    13485.6662  EEL     =  -109106.6091  HBOND      =        0.0000
 1-4 VDW =      281.7901  1-4 EEL =    -4251.9859  RESTRAINT  =       80.7550
 EAMBER  =   -92252.4709
 NMR restraints: Bond =    0.000   Angle =     0.000   Torsion =     0.000
===============================================================================


   NSTEP       ENERGY          RMS            GMAX         NAME    NUMBER
   1900      -9.2252E+04     4.0474E-01     5.3436E+01     C        1183

 BOND    =     6198.3261  ANGLE   =      231.1018  DIHED      =      922.6701
 VDWAALS =    13563.0376  EEL     =  -109279.5430  HBOND      =        0.0000
 1-4 VDW =      281.6419  1-4 EEL =    -4250.1861  RESTRAINT  =       80.7533
 EAMBER  =   -92332.9517
 NMR restraints: Bond =    0.000   Angle =     0.000   Torsion =     0.000
===============================================================================


   NSTEP       ENERGY          RMS            GMAX         NAME    NUMBER
   1950      -9.2278E+04     2.5878E-01     1.4577E+01     OXT      1185

 BOND    =     6203.5747  ANGLE   =      231.0277  DIHED      =      922.5911
 VDWAALS =    13585.7744  EEL     =  -109331.9698  HBOND      =        0.0000
 1-4 VDW =      281.7694  1-4 EEL =    -4251.4668  RESTRAINT  =       80.7118
 EAMBER  =   -92358.6994
 NMR restraints: Bond =    0.000   Angle =     0.000   Torsion =     0.000
===============================================================================


   NSTEP       ENERGY          RMS            GMAX         NAME    NUMBER
   2000      -9.2307E+04     4.9748E-01     5.8169E+01     C        1183

 BOND    =     6213.5243  ANGLE   =      231.5162  DIHED      =      922.7939
 VDWAALS =    13617.6369  EEL     =  -109405.0269  HBOND      =        0.0000
 1-4 VDW =      281.6608  1-4 EEL =    -4249.7120  RESTRAINT  =       80.7661
 EAMBER  =   -92387.6067
 NMR restraints: Bond =    0.000   Angle =     0.000   Torsion =     0.000
===============================================================================


  Maximum number of minimization cycles reached.


                    FINAL RESULTS



   NSTEP       ENERGY          RMS            GMAX         NAME    NUMBER
   2000      -9.2307E+04     4.9748E-01     5.8169E+01     C        1183

 BOND    =     6213.5243  ANGLE   =      231.5162  DIHED      =      922.7939
 VDWAALS =    13617.6369  EEL     =  -109405.0269  HBOND      =        0.0000
 1-4 VDW =      281.6608  1-4 EEL =    -4249.7120  RESTRAINT  =       80.7661
 EAMBER  =   -92387.6067
 NMR restraints: Bond =    0.000   Angle =     0.000   Torsion =     0.000
===============================================================================
--------------------------------------------------------------------------------
   5.  TIMINGS
--------------------------------------------------------------------------------

|  NonSetup CPU Time in Major Routines, Average for All Tasks:
|
|     Routine           Sec        %
|     ------------------------------
|     DataDistrib      13.54   25.58
|     Nonbond          39.20   74.08
|     Bond              0.05    0.09
|     Angle             0.02    0.04
|     Dihedral          0.08    0.15
|     Shake             0.00    0.00
|     Other             0.03    0.06
|     ------------------------------
|     Total            52.92

|  PME Nonbond Pairlist CPU Time, Average for All Tasks:
|
|     Routine              Sec        %
|     ---------------------------------
|     Set Up Cit           0.11    0.22
|     Build List           0.34    0.64
|     ---------------------------------
|     Total                0.45    0.86

|  PME Direct Force CPU Time, Average for All Tasks:
|
|     Routine              Sec        %
|     ---------------------------------
|     NonBonded Calc      16.57   31.31
|     Exclude Masked       0.15    0.28
|     Other                1.23    2.33
|     ---------------------------------
|     Total               17.95   33.92

|  PME Reciprocal Force CPU Time, Average for All Tasks:
|
|     Routine              Sec        %
|     ---------------------------------
|     1D bspline           0.79    1.49
|     Grid Charges         0.30    0.56
|     Scalar Sum           0.90    1.71
|     Gradient Sum         0.34    0.64
|     FFT                 17.60   33.26
|     ---------------------------------
|     Total               19.93   37.66

|  PME Load Balancing CPU Time, Average for All Tasks:
|
|     Routine                 Sec        %
|     ------------------------------------
|     Atom Reassign           0.00    0.00
|     Image Reassign          0.01    0.02
|     FFT Reassign            0.00    0.00
|     ------------------------------------
|     Total                   0.01    0.02

|  Master Setup CPU time:            1.63 seconds
|  Master NonSetup CPU time:        52.92 seconds
|  Master Total CPU time:           54.55 seconds     0.02 hours

|  Master Setup wall time:           2    seconds
|  Master NonSetup wall time:       53    seconds
|  Master Total wall time:          55    seconds     0.02 hours
